<?xml version="1.0" encoding="UTF-8"?>
<coverage generated="1712510477856" clover="3.2.0">
  <project timestamp="1712510477856" name="All files">
    <metrics statements="23" coveredstatements="20" conditionals="10" coveredconditionals="8" methods="4" coveredmethods="4" elements="37" coveredelements="32" complexity="0" loc="23" ncloc="23" packages="1" files="3" classes="3"/>
    <file name="index.js" path="/home/georgy/frontend-project-46/src/index.js">
      <metrics statements="14" coveredstatements="14" conditionals="6" coveredconditionals="6" methods="2" coveredmethods="2"/>
      <line num="5" count="1" type="stmt"/>
      <line num="6" count="1" type="stmt"/>
      <line num="7" count="1" type="stmt"/>
      <line num="9" count="1" type="stmt"/>
      <line num="11" count="1" type="stmt"/>
      <line num="12" count="5" type="cond" truecount="2" falsecount="0"/>
      <line num="13" count="2" type="stmt"/>
      <line num="15" count="3" type="cond" truecount="2" falsecount="0"/>
      <line num="16" count="1" type="stmt"/>
      <line num="18" count="2" type="cond" truecount="2" falsecount="0"/>
      <line num="19" count="1" type="stmt"/>
      <line num="21" count="1" type="stmt"/>
      <line num="24" count="1" type="stmt"/>
      <line num="25" count="1" type="stmt"/>
    </file>
    <file name="parsefile.js" path="/home/georgy/frontend-project-46/src/parsefile.js">
      <metrics statements="4" coveredstatements="3" conditionals="2" coveredconditionals="1" methods="1" coveredmethods="1"/>
      <line num="3" count="1" type="stmt"/>
      <line num="4" count="2" type="cond" truecount="1" falsecount="1"/>
      <line num="5" count="2" type="stmt"/>
      <line num="8" count="0" type="stmt"/>
    </file>
    <file name="readfile.js" path="/home/georgy/frontend-project-46/src/readfile.js">
      <metrics statements="5" coveredstatements="3" conditionals="2" coveredconditionals="1" methods="1" coveredmethods="1"/>
      <line num="4" count="1" type="stmt"/>
      <line num="5" count="2" type="cond" truecount="1" falsecount="1"/>
      <line num="6" count="2" type="stmt"/>
      <line num="9" count="0" type="stmt"/>
      <line num="10" count="0" type="stmt"/>
    </file>
  </project>
</coverage>
