TN:
SF:src/index.js
FN:5,(anonymous_0)
FN:11,(anonymous_1)
FNF:2
FNH:2
FNDA:1,(anonymous_0)
FNDA:5,(anonymous_1)
DA:5,1
DA:6,1
DA:7,1
DA:9,1
DA:11,1
DA:12,5
DA:13,2
DA:15,3
DA:16,1
DA:18,2
DA:19,1
DA:21,1
DA:24,1
DA:25,1
LF:14
LH:14
BRDA:12,0,0,2
BRDA:12,0,1,3
BRDA:15,1,0,1
BRDA:15,1,1,2
BRDA:18,2,0,1
BRDA:18,2,1,1
BRF:6
BRH:6
end_of_record
TN:
SF:src/parsefile.js
FN:3,(anonymous_0)
FNF:1
FNH:1
FNDA:2,(anonymous_0)
DA:3,1
DA:4,2
DA:5,2
DA:8,0
LF:4
LH:3
BRDA:4,0,0,2
BRDA:4,0,1,0
BRF:2
BRH:1
end_of_record
TN:
SF:src/readfile.js
FN:4,(anonymous_0)
FNF:1
FNH:1
FNDA:2,(anonymous_0)
DA:4,1
DA:5,2
DA:6,2
DA:9,0
DA:10,0
LF:5
LH:3
BRDA:5,0,0,2
BRDA:5,0,1,0
BRF:2
BRH:1
end_of_record
